In file included from [01m[K/home/shridhar/Workspaces/mrt_ws/Task2/build/addthreeints/rosidl_generator_c/addthreeints/msg/detail/sphere__functions.h:19[m[K,
                 from [01m[K/home/shridhar/Workspaces/mrt_ws/Task2/build/addthreeints/rosidl_generator_c/addthreeints/msg/detail/sphere__functions.c:4[m[K:
[01m[K/home/shridhar/Workspaces/mrt_ws/Task2/build/addthreeints/rosidl_generator_c/addthreeints/msg/detail/sphere__struct.h:22:10:[m[K [01;31m[Kfatal error: [m[Kgeometry_msgs/msg/detail/point__struct.h: No such file or directory
   22 | #include [01;31m[K"geometry_msgs/msg/detail/point__struct.h"[m[K
      |          [01;31m[K^~~~~~~~~~~~~~~~~~~~~~~~~~~~~~~~~~~~~~~~~~[m[K
compilation terminated.
gmake[2]: *** [CMakeFiles/addthreeints__rosidl_generator_c.dir/build.make:151: CMakeFiles/addthreeints__rosidl_generator_c.dir/rosidl_generator_c/addthreeints/msg/detail/sphere__functions.c.o] Error 1
gmake[2]: *** Waiting for unfinished jobs....
gmake[1]: *** [CMakeFiles/Makefile2:213: CMakeFiles/addthreeints__rosidl_generator_c.dir/all] Error 2
gmake[1]: *** Waiting for unfinished jobs....
In file included from [01m[K/home/shridhar/Workspaces/mrt_ws/Task2/build/addthreeints/rosidl_typesupport_cpp/addthreeints/msg/sphere__type_support.cpp:7[m[K:
[01m[K/home/shridhar/Workspaces/mrt_ws/Task2/build/addthreeints/rosidl_generator_cpp/addthreeints/msg/detail/sphere__struct.hpp:20:10:[m[K [01;31m[Kfatal error: [m[Kgeometry_msgs/msg/detail/point__struct.hpp: No such file or directory
   20 | #include [01;31m[K"geometry_msgs/msg/detail/point__struct.hpp"[m[K
      |          [01;31m[K^~~~~~~~~~~~~~~~~~~~~~~~~~~~~~~~~~~~~~~~~~~~[m[K
compilation terminated.
gmake[2]: *** [CMakeFiles/addthreeints__rosidl_typesupport_cpp.dir/build.make:108: CMakeFiles/addthreeints__rosidl_typesupport_cpp.dir/rosidl_typesupport_cpp/addthreeints/msg/sphere__type_support.cpp.o] Error 1
gmake[2]: *** Waiting for unfinished jobs....
In file included from [01m[K/home/shridhar/Workspaces/mrt_ws/Task2/build/addthreeints/rosidl_typesupport_introspection_cpp/addthreeints/msg/detail/sphere__type_support.cpp:12[m[K:
[01m[K/home/shridhar/Workspaces/mrt_ws/Task2/build/addthreeints/rosidl_generator_cpp/addthreeints/msg/detail/sphere__struct.hpp:20:10:[m[K [01;31m[Kfatal error: [m[Kgeometry_msgs/msg/detail/point__struct.hpp: No such file or directory
   20 | #include [01;31m[K"geometry_msgs/msg/detail/point__struct.hpp"[m[K
      |          [01;31m[K^~~~~~~~~~~~~~~~~~~~~~~~~~~~~~~~~~~~~~~~~~~~[m[K
compilation terminated.
In file included from [01m[K/home/shridhar/Workspaces/mrt_ws/Task2/build/addthreeints/rosidl_typesupport_fastrtps_cpp/addthreeints/msg/detail/sphere__rosidl_typesupport_fastrtps_cpp.hpp:11[m[K,
                 from [01m[K/home/shridhar/Workspaces/mrt_ws/Task2/build/addthreeints/rosidl_typesupport_fastrtps_cpp/addthreeints/msg/detail/dds_fastrtps/sphere__type_support.cpp:4[m[K:
[01m[K/home/shridhar/Workspaces/mrt_ws/Task2/build/addthreeints/rosidl_generator_cpp/addthreeints/msg/detail/sphere__struct.hpp:20:10:[m[K [01;31m[Kfatal error: [m[Kgeometry_msgs/msg/detail/point__struct.hpp: No such file or directory
   20 | #include [01;31m[K"geometry_msgs/msg/detail/point__struct.hpp"[m[K
      |          [01;31m[K^~~~~~~~~~~~~~~~~~~~~~~~~~~~~~~~~~~~~~~~~~~~[m[K
compilation terminated.
gmake[2]: *** [CMakeFiles/addthreeints__rosidl_typesupport_fastrtps_cpp.dir/build.make:119: CMakeFiles/addthreeints__rosidl_typesupport_fastrtps_cpp.dir/rosidl_typesupport_fastrtps_cpp/addthreeints/msg/detail/dds_fastrtps/sphere__type_support.cpp.o] Error 1
gmake[2]: *** Waiting for unfinished jobs....
gmake[2]: *** [CMakeFiles/addthreeints__rosidl_typesupport_introspection_cpp.dir/build.make:119: CMakeFiles/addthreeints__rosidl_typesupport_introspection_cpp.dir/rosidl_typesupport_introspection_cpp/addthreeints/msg/detail/sphere__type_support.cpp.o] Error 1
gmake[2]: *** Waiting for unfinished jobs....
gmake[1]: *** [CMakeFiles/Makefile2:395: CMakeFiles/addthreeints__rosidl_typesupport_cpp.dir/all] Error 2
gmake[1]: *** [CMakeFiles/Makefile2:369: CMakeFiles/addthreeints__rosidl_typesupport_introspection_cpp.dir/all] Error 2
gmake[1]: *** [CMakeFiles/Makefile2:291: CMakeFiles/addthreeints__rosidl_typesupport_fastrtps_cpp.dir/all] Error 2
gmake: *** [Makefile:146: all] Error 2
