[0.018s] Invoking command in '/home/shridhar/Workspaces/mrt_ws/Task2/build/addthreeints': CMAKE_PREFIX_PATH=/home/shridhar/Workspaces/mrt_ws/Task2/install/serveradd:/opt/ros/humble /usr/bin/cmake /home/shridhar/Workspaces/mrt_ws/Task2/src/addthreeints -DCMAKE_INSTALL_PREFIX=/home/shridhar/Workspaces/mrt_ws/Task2/install/addthreeints
[0.032s] -- Found ament_cmake: 1.3.10 (/opt/ros/humble/share/ament_cmake/cmake)
[0.180s] -- Found geometry_msgs: 4.2.4 (/opt/ros/humble/share/geometry_msgs/cmake)
[0.209s] -- Found rosidl_generator_c: 3.1.5 (/opt/ros/humble/share/rosidl_generator_c/cmake)
[0.212s] -- Found rosidl_adapter: 3.1.5 (/opt/ros/humble/share/rosidl_adapter/cmake)
[0.219s] -- Found rosidl_generator_cpp: 3.1.5 (/opt/ros/humble/share/rosidl_generator_cpp/cmake)
[0.229s] -- Using all available rosidl_typesupport_c: rosidl_typesupport_fastrtps_c;rosidl_typesupport_introspection_c
[0.241s] -- Using all available rosidl_typesupport_cpp: rosidl_typesupport_fastrtps_cpp;rosidl_typesupport_introspection_cpp
[0.275s] -- Found rosidl_default_generators: 1.2.0 (/opt/ros/humble/share/rosidl_default_generators/cmake)
[0.574s] -- Found ament_cmake_ros: 0.10.0 (/opt/ros/humble/share/ament_cmake_ros/cmake)
[0.936s] -- Using all available rosidl_typesupport_c: rosidl_typesupport_fastrtps_c;rosidl_typesupport_introspection_c
[1.075s] -- Using all available rosidl_typesupport_cpp: rosidl_typesupport_fastrtps_cpp;rosidl_typesupport_introspection_cpp
[1.102s] -- Found PythonInterp: /usr/bin/python3 (found suitable version "3.10.12", minimum required is "3.6") 
[1.105s] -- Found python_cmake_module: 0.10.0 (/opt/ros/humble/share/python_cmake_module/cmake)
[1.144s] -- Found PythonLibs: /usr/lib/x86_64-linux-gnu/libpython3.10.so (found suitable version "3.10.12", minimum required is "3.5") 
[1.144s] -- Using PYTHON_EXECUTABLE: /usr/bin/python3
[1.144s] -- Using PYTHON_INCLUDE_DIRS: /usr/include/python3.10
[1.144s] -- Using PYTHON_LIBRARIES: /usr/lib/x86_64-linux-gnu/libpython3.10.so
[1.172s] -- Found PythonExtra: .so  
[1.214s] -- Found ament_lint_auto: 0.12.11 (/opt/ros/humble/share/ament_lint_auto/cmake)
[1.241s] -- Added test 'lint_cmake' to check CMake code style
[1.244s] -- Added test 'xmllint' to check XML markup files
[1.248s] -- Configuring done
[1.284s] -- Generating done
[1.286s] -- Build files have been written to: /home/shridhar/Workspaces/mrt_ws/Task2/build/addthreeints
[1.296s] Invoked command in '/home/shridhar/Workspaces/mrt_ws/Task2/build/addthreeints' returned '0': CMAKE_PREFIX_PATH=/home/shridhar/Workspaces/mrt_ws/Task2/install/serveradd:/opt/ros/humble /usr/bin/cmake /home/shridhar/Workspaces/mrt_ws/Task2/src/addthreeints -DCMAKE_INSTALL_PREFIX=/home/shridhar/Workspaces/mrt_ws/Task2/install/addthreeints
[1.298s] Invoking command in '/home/shridhar/Workspaces/mrt_ws/Task2/build/addthreeints': CMAKE_PREFIX_PATH=/home/shridhar/Workspaces/mrt_ws/Task2/install/serveradd:/opt/ros/humble /usr/bin/cmake --build /home/shridhar/Workspaces/mrt_ws/Task2/build/addthreeints -- -j22 -l22
[1.357s] [  2%] [34m[1mGenerating C code for ROS interfaces[0m
[1.369s] [  4%] [34m[1mGenerating C++ code for ROS interfaces[0m
[1.378s] [  4%] Built target ament_cmake_python_copy_addthreeints
[1.630s] running egg_info
[1.631s] creating addthreeints.egg-info
[1.631s] writing addthreeints.egg-info/PKG-INFO
[1.631s] writing dependency_links to addthreeints.egg-info/dependency_links.txt
[1.632s] writing top-level names to addthreeints.egg-info/top_level.txt
[1.632s] writing manifest file 'addthreeints.egg-info/SOURCES.txt'
[1.634s] reading manifest file 'addthreeints.egg-info/SOURCES.txt'
[1.634s] writing manifest file 'addthreeints.egg-info/SOURCES.txt'
[1.671s] [  4%] Built target ament_cmake_python_build_addthreeints_egg
[1.724s] [  4%] Built target addthreeints__cpp
[1.735s] [  6%] [34m[1mGenerating C++ introspection for ROS interfaces[0m
[1.735s] [  8%] [34m[1mGenerating C++ type support for eProsima Fast-RTPS[0m
[1.736s] [ 10%] [34m[1mGenerating C++ type support dispatch for ROS interfaces[0m
[1.764s] [ 14%] [32mBuilding C object CMakeFiles/addthreeints__rosidl_generator_c.dir/rosidl_generator_c/addthreeints/srv/detail/add_three_ints__functions.c.o[0m
[1.764s] [ 14%] [32mBuilding C object CMakeFiles/addthreeints__rosidl_generator_c.dir/rosidl_generator_c/addthreeints/msg/detail/num__functions.c.o[0m
[1.764s] [ 17%] [32mBuilding C object CMakeFiles/addthreeints__rosidl_generator_c.dir/rosidl_generator_c/addthreeints/msg/detail/sphere__functions.c.o[0m
[1.787s] In file included from [01m[K/home/shridhar/Workspaces/mrt_ws/Task2/build/addthreeints/rosidl_generator_c/addthreeints/msg/detail/sphere__functions.h:19[m[K,
[1.787s]                  from [01m[K/home/shridhar/Workspaces/mrt_ws/Task2/build/addthreeints/rosidl_generator_c/addthreeints/msg/detail/sphere__functions.c:4[m[K:
[1.787s] [01m[K/home/shridhar/Workspaces/mrt_ws/Task2/build/addthreeints/rosidl_generator_c/addthreeints/msg/detail/sphere__struct.h:22:10:[m[K [01;31m[Kfatal error: [m[Kgeometry_msgs/msg/detail/point__struct.h: No such file or directory
[1.787s]    22 | #include [01;31m[K"geometry_msgs/msg/detail/point__struct.h"[m[K
[1.787s]       |          [01;31m[K^~~~~~~~~~~~~~~~~~~~~~~~~~~~~~~~~~~~~~~~~~[m[K
[1.787s] compilation terminated.
[1.788s] gmake[2]: *** [CMakeFiles/addthreeints__rosidl_generator_c.dir/build.make:151: CMakeFiles/addthreeints__rosidl_generator_c.dir/rosidl_generator_c/addthreeints/msg/detail/sphere__functions.c.o] Error 1
[1.788s] gmake[2]: *** Waiting for unfinished jobs....
[1.830s] gmake[1]: *** [CMakeFiles/Makefile2:213: CMakeFiles/addthreeints__rosidl_generator_c.dir/all] Error 2
[1.830s] gmake[1]: *** Waiting for unfinished jobs....
[2.044s] [ 23%] [32mBuilding CXX object CMakeFiles/addthreeints__rosidl_typesupport_cpp.dir/rosidl_typesupport_cpp/addthreeints/msg/sphere__type_support.cpp.o[0m
[2.044s] [ 23%] [32mBuilding CXX object CMakeFiles/addthreeints__rosidl_typesupport_cpp.dir/rosidl_typesupport_cpp/addthreeints/srv/add_three_ints__type_support.cpp.o[0m
[2.044s] [ 23%] [32mBuilding CXX object CMakeFiles/addthreeints__rosidl_typesupport_cpp.dir/rosidl_typesupport_cpp/addthreeints/msg/num__type_support.cpp.o[0m
[2.049s] [ 27%] [32mBuilding CXX object CMakeFiles/addthreeints__rosidl_typesupport_introspection_cpp.dir/rosidl_typesupport_introspection_cpp/addthreeints/msg/detail/num__type_support.cpp.o[0m
[2.049s] [ 27%] [32mBuilding CXX object CMakeFiles/addthreeints__rosidl_typesupport_introspection_cpp.dir/rosidl_typesupport_introspection_cpp/addthreeints/srv/detail/add_three_ints__type_support.cpp.o[0m
[2.051s] [ 29%] [32mBuilding CXX object CMakeFiles/addthreeints__rosidl_typesupport_introspection_cpp.dir/rosidl_typesupport_introspection_cpp/addthreeints/msg/detail/sphere__type_support.cpp.o[0m
[2.086s] [ 31%] [32mBuilding CXX object CMakeFiles/addthreeints__rosidl_typesupport_fastrtps_cpp.dir/rosidl_typesupport_fastrtps_cpp/addthreeints/msg/detail/dds_fastrtps/sphere__type_support.cpp.o[0m
[2.086s] [ 34%] [32mBuilding CXX object CMakeFiles/addthreeints__rosidl_typesupport_fastrtps_cpp.dir/rosidl_typesupport_fastrtps_cpp/addthreeints/srv/detail/dds_fastrtps/add_three_ints__type_support.cpp.o[0m
[2.087s] [ 36%] [32mBuilding CXX object CMakeFiles/addthreeints__rosidl_typesupport_fastrtps_cpp.dir/rosidl_typesupport_fastrtps_cpp/addthreeints/msg/detail/dds_fastrtps/num__type_support.cpp.o[0m
[2.112s] In file included from [01m[K/home/shridhar/Workspaces/mrt_ws/Task2/build/addthreeints/rosidl_typesupport_cpp/addthreeints/msg/sphere__type_support.cpp:7[m[K:
[2.112s] [01m[K/home/shridhar/Workspaces/mrt_ws/Task2/build/addthreeints/rosidl_generator_cpp/addthreeints/msg/detail/sphere__struct.hpp:20:10:[m[K [01;31m[Kfatal error: [m[Kgeometry_msgs/msg/detail/point__struct.hpp: No such file or directory
[2.112s]    20 | #include [01;31m[K"geometry_msgs/msg/detail/point__struct.hpp"[m[K
[2.112s]       |          [01;31m[K^~~~~~~~~~~~~~~~~~~~~~~~~~~~~~~~~~~~~~~~~~~~[m[K
[2.113s] compilation terminated.
[2.114s] gmake[2]: *** [CMakeFiles/addthreeints__rosidl_typesupport_cpp.dir/build.make:108: CMakeFiles/addthreeints__rosidl_typesupport_cpp.dir/rosidl_typesupport_cpp/addthreeints/msg/sphere__type_support.cpp.o] Error 1
[2.114s] gmake[2]: *** Waiting for unfinished jobs....
[2.135s] In file included from [01m[K/home/shridhar/Workspaces/mrt_ws/Task2/build/addthreeints/rosidl_typesupport_introspection_cpp/addthreeints/msg/detail/sphere__type_support.cpp:12[m[K:
[2.135s] [01m[K/home/shridhar/Workspaces/mrt_ws/Task2/build/addthreeints/rosidl_generator_cpp/addthreeints/msg/detail/sphere__struct.hpp:20:10:[m[K [01;31m[Kfatal error: [m[Kgeometry_msgs/msg/detail/point__struct.hpp: No such file or directory
[2.135s]    20 | #include [01;31m[K"geometry_msgs/msg/detail/point__struct.hpp"[m[K
[2.135s]       |          [01;31m[K^~~~~~~~~~~~~~~~~~~~~~~~~~~~~~~~~~~~~~~~~~~~[m[K
[2.135s] compilation terminated.
[2.135s] In file included from [01m[K/home/shridhar/Workspaces/mrt_ws/Task2/build/addthreeints/rosidl_typesupport_fastrtps_cpp/addthreeints/msg/detail/sphere__rosidl_typesupport_fastrtps_cpp.hpp:11[m[K,
[2.136s]                  from [01m[K/home/shridhar/Workspaces/mrt_ws/Task2/build/addthreeints/rosidl_typesupport_fastrtps_cpp/addthreeints/msg/detail/dds_fastrtps/sphere__type_support.cpp:4[m[K:
[2.136s] [01m[K/home/shridhar/Workspaces/mrt_ws/Task2/build/addthreeints/rosidl_generator_cpp/addthreeints/msg/detail/sphere__struct.hpp:20:10:[m[K [01;31m[Kfatal error: [m[Kgeometry_msgs/msg/detail/point__struct.hpp: No such file or directory
[2.136s]    20 | #include [01;31m[K"geometry_msgs/msg/detail/point__struct.hpp"[m[K
[2.136s]       |          [01;31m[K^~~~~~~~~~~~~~~~~~~~~~~~~~~~~~~~~~~~~~~~~~~~[m[K
[2.136s] compilation terminated.
[2.138s] gmake[2]: *** [CMakeFiles/addthreeints__rosidl_typesupport_fastrtps_cpp.dir/build.make:119: CMakeFiles/addthreeints__rosidl_typesupport_fastrtps_cpp.dir/rosidl_typesupport_fastrtps_cpp/addthreeints/msg/detail/dds_fastrtps/sphere__type_support.cpp.o] Error 1
[2.138s] gmake[2]: *** Waiting for unfinished jobs....
[2.138s] gmake[2]: *** [CMakeFiles/addthreeints__rosidl_typesupport_introspection_cpp.dir/build.make:119: CMakeFiles/addthreeints__rosidl_typesupport_introspection_cpp.dir/rosidl_typesupport_introspection_cpp/addthreeints/msg/detail/sphere__type_support.cpp.o] Error 1
[2.138s] gmake[2]: *** Waiting for unfinished jobs....
[2.312s] gmake[1]: *** [CMakeFiles/Makefile2:395: CMakeFiles/addthreeints__rosidl_typesupport_cpp.dir/all] Error 2
[2.438s] gmake[1]: *** [CMakeFiles/Makefile2:369: CMakeFiles/addthreeints__rosidl_typesupport_introspection_cpp.dir/all] Error 2
[2.471s] gmake[1]: *** [CMakeFiles/Makefile2:291: CMakeFiles/addthreeints__rosidl_typesupport_fastrtps_cpp.dir/all] Error 2
[2.472s] gmake: *** [Makefile:146: all] Error 2
[2.476s] Invoked command in '/home/shridhar/Workspaces/mrt_ws/Task2/build/addthreeints' returned '2': CMAKE_PREFIX_PATH=/home/shridhar/Workspaces/mrt_ws/Task2/install/serveradd:/opt/ros/humble /usr/bin/cmake --build /home/shridhar/Workspaces/mrt_ws/Task2/build/addthreeints -- -j22 -l22
